<?xml version="1.0" encoding="UTF-8"?>
<testng-results skipped="0" failed="0" ignored="0" total="2" passed="2">
  <reporter-output>
  </reporter-output>
  <suite name="Default suite" duration-ms="14408" started-at="2022-03-17T02:23:33 PDT" finished-at="2022-03-17T02:23:47 PDT">
    <groups>
    </groups>
    <test name="Default test" duration-ms="14408" started-at="2022-03-17T02:23:33 PDT" finished-at="2022-03-17T02:23:47 PDT">
      <class name="variousConcepts.CrmTest">
        <test-method status="PASS" signature="readConfig()[pri:0, instance:variousConcepts.CrmTest@32d2fa64]" name="readConfig" is-config="true" duration-ms="7" started-at="2022-03-17T02:23:33 PDT" finished-at="2022-03-17T02:23:33 PDT">
          <reporter-output>
          </reporter-output>
        </test-method> <!-- readConfig -->
        <test-method status="PASS" signature="init()[pri:0, instance:variousConcepts.CrmTest@32d2fa64]" name="init" is-config="true" duration-ms="3281" started-at="2022-03-17T02:23:33 PDT" finished-at="2022-03-17T02:23:36 PDT">
          <reporter-output>
          </reporter-output>
        </test-method> <!-- init -->
        <test-method status="PASS" signature="loginTest()[pri:1, instance:variousConcepts.CrmTest@32d2fa64]" name="loginTest" duration-ms="2301" started-at="2022-03-17T02:23:36 PDT" finished-at="2022-03-17T02:23:39 PDT">
          <reporter-output>
          </reporter-output>
        </test-method> <!-- loginTest -->
        <test-method status="PASS" signature="init()[pri:0, instance:variousConcepts.CrmTest@32d2fa64]" name="init" is-config="true" duration-ms="2631" started-at="2022-03-17T02:23:39 PDT" finished-at="2022-03-17T02:23:41 PDT">
          <reporter-output>
          </reporter-output>
        </test-method> <!-- init -->
        <test-method status="PASS" signature="addCustomerTest()[pri:2, instance:variousConcepts.CrmTest@32d2fa64]" name="addCustomerTest" duration-ms="6157" started-at="2022-03-17T02:23:41 PDT" finished-at="2022-03-17T02:23:47 PDT">
          <reporter-output>
          </reporter-output>
        </test-method> <!-- addCustomerTest -->
      </class> <!-- variousConcepts.CrmTest -->
    </test> <!-- Default test -->
  </suite> <!-- Default suite -->
</testng-results>
